<?xml version="1.0" encoding="UTF-8"?>
<coverage generated="1741926580343" clover="3.2.0">
  <project timestamp="1741926580343" name="All files">
    <metrics statements="42" coveredstatements="30" conditionals="9" coveredconditionals="4" methods="6" coveredmethods="5" elements="57" coveredelements="39" complexity="0" loc="42" ncloc="42" packages="1" files="1" classes="1"/>
    <file name="orders.ts" path="/home/guti/test/api/routes/orders.ts">
      <metrics statements="42" coveredstatements="30" conditionals="9" coveredconditionals="4" methods="6" coveredmethods="5"/>
      <line num="1" count="1" type="stmt"/>
      <line num="2" count="1" type="stmt"/>
      <line num="4" count="1" type="stmt"/>
      <line num="5" count="1" type="stmt"/>
      <line num="8" count="1" type="stmt"/>
      <line num="9" count="1" type="stmt"/>
      <line num="12" count="1" type="stmt"/>
      <line num="16" count="1" type="stmt"/>
      <line num="17" count="1" type="stmt"/>
      <line num="19" count="1" type="stmt"/>
      <line num="20" count="1" type="stmt"/>
      <line num="27" count="1" type="stmt"/>
      <line num="29" count="0" type="stmt"/>
      <line num="30" count="0" type="stmt"/>
      <line num="37" count="1" type="stmt"/>
      <line num="40" count="4" type="stmt"/>
      <line num="45" count="4" type="stmt"/>
      <line num="49" count="1" type="stmt"/>
      <line num="50" count="1" type="stmt"/>
      <line num="51" count="1" type="stmt"/>
      <line num="53" count="1" type="stmt"/>
      <line num="55" count="0" type="stmt"/>
      <line num="60" count="1" type="stmt"/>
      <line num="61" count="0" type="stmt"/>
      <line num="63" count="0" type="stmt"/>
      <line num="66" count="0" type="stmt"/>
      <line num="70" count="1" type="stmt"/>
      <line num="71" count="1" type="stmt"/>
      <line num="73" count="1" type="stmt"/>
      <line num="75" count="1" type="stmt"/>
      <line num="79" count="1" type="cond" truecount="0" falsecount="1"/>
      <line num="80" count="0" type="stmt"/>
      <line num="85" count="1" type="cond" truecount="1" falsecount="1"/>
      <line num="86" count="1" type="stmt"/>
      <line num="87" count="0" type="cond" truecount="0" falsecount="2"/>
      <line num="88" count="0" type="stmt"/>
      <line num="90" count="0" type="stmt"/>
      <line num="93" count="1" type="stmt"/>
      <line num="98" count="1" type="stmt"/>
      <line num="100" count="0" type="stmt"/>
      <line num="101" count="0" type="stmt"/>
      <line num="106" count="1" type="stmt"/>
    </file>
  </project>
</coverage>
