{"/home/guti/test/api/routes/orders.ts": {"path":"/home/guti/test/api/routes/orders.ts","statementMap":{"0":{"start":{"line":1,"column":0},"end":{"line":1,"column":46}},"1":{"start":{"line":2,"column":0},"end":{"line":2,"column":33}},"2":{"start":{"line":4,"column":15},"end":{"line":4,"column":23}},"3":{"start":{"line":5,"column":15},"end":{"line":5,"column":33}},"4":{"start":{"line":8,"column":0},"end":{"line":13,"column":null}},"5":{"start":{"line":9,"column":19},"end":{"line":11,"column":6}},"6":{"start":{"line":12,"column":4},"end":{"line":12,"column":null}},"7":{"start":{"line":16,"column":0},"end":{"line":32,"column":3}},"8":{"start":{"line":17,"column":26},"end":{"line":17,"column":35}},"9":{"start":{"line":19,"column":4},"end":{"line":31,"column":5}},"10":{"start":{"line":20,"column":23},"end":{"line":25,"column":10}},"11":{"start":{"line":27,"column":8},"end":{"line":27,"column":37}},"12":{"start":{"line":29,"column":8},"end":{"line":29,"column":29}},"13":{"start":{"line":30,"column":8},"end":{"line":30,"column":66}},"14":{"start":{"line":37,"column":0},"end":{"line":46,"column":null}},"15":{"start":{"line":40,"column":19},"end":{"line":44,"column":6}},"16":{"start":{"line":45,"column":4},"end":{"line":45,"column":null}},"17":{"start":{"line":49,"column":0},"end":{"line":57,"column":null}},"18":{"start":{"line":50,"column":4},"end":{"line":56,"column":5}},"19":{"start":{"line":51,"column":8},"end":{"line":51,"column":null}},"20":{"start":{"line":53,"column":8},"end":{"line":53,"column":null}},"21":{"start":{"line":55,"column":8},"end":{"line":55,"column":79}},"22":{"start":{"line":60,"column":0},"end":{"line":67,"column":null}},"23":{"start":{"line":61,"column":19},"end":{"line":61,"column":29}},"24":{"start":{"line":63,"column":19},"end":{"line":65,"column":6}},"25":{"start":{"line":66,"column":4},"end":{"line":66,"column":null}},"26":{"start":{"line":70,"column":0},"end":{"line":104,"column":null}},"27":{"start":{"line":71,"column":19},"end":{"line":71,"column":29}},"28":{"start":{"line":73,"column":4},"end":{"line":102,"column":1}},"29":{"start":{"line":75,"column":18},"end":{"line":77,"column":6}},"30":{"start":{"line":79,"column":4},"end":{"line":81,"column":5}},"31":{"start":{"line":80,"column":8},"end":{"line":80,"column":66}},"32":{"start":{"line":85,"column":4},"end":{"line":91,"column":5}},"33":{"start":{"line":86,"column":8},"end":{"line":86,"column":33}},"34":{"start":{"line":87,"column":11},"end":{"line":91,"column":5}},"35":{"start":{"line":88,"column":8},"end":{"line":88,"column":31}},"36":{"start":{"line":90,"column":8},"end":{"line":90,"column":91}},"37":{"start":{"line":93,"column":25},"end":{"line":96,"column":6}},"38":{"start":{"line":98,"column":4},"end":{"line":98,"column":46}},"39":{"start":{"line":100,"column":8},"end":{"line":100,"column":29}},"40":{"start":{"line":101,"column":8},"end":{"line":101,"column":72}},"41":{"start":{"line":106,"column":0},"end":{"line":106,"column":22}}},"fnMap":{"0":{"name":"(anonymous_0)","decl":{"start":{"line":8,"column":16},"end":{"line":8,"column":21}},"loc":{"start":{"line":8,"column":35},"end":{"line":13,"column":1}}},"1":{"name":"(anonymous_1)","decl":{"start":{"line":16,"column":22},"end":{"line":16,"column":27}},"loc":{"start":{"line":16,"column":41},"end":{"line":32,"column":1}}},"2":{"name":"(anonymous_2)","decl":{"start":{"line":37,"column":17},"end":{"line":37,"column":22}},"loc":{"start":{"line":37,"column":36},"end":{"line":46,"column":1}}},"3":{"name":"(anonymous_3)","decl":{"start":{"line":49,"column":29},"end":{"line":49,"column":34}},"loc":{"start":{"line":49,"column":48},"end":{"line":57,"column":1}}},"4":{"name":"(anonymous_4)","decl":{"start":{"line":60,"column":22},"end":{"line":60,"column":27}},"loc":{"start":{"line":60,"column":41},"end":{"line":67,"column":1}}},"5":{"name":"(anonymous_5)","decl":{"start":{"line":70,"column":19},"end":{"line":70,"column":24}},"loc":{"start":{"line":70,"column":38},"end":{"line":104,"column":1}}}},"branchMap":{"0":{"loc":{"start":{"line":22,"column":20},"end":{"line":22,"column":88}},"type":"binary-expr","locations":[{"start":{"line":22,"column":20},"end":{"line":22,"column":25}},{"start":{"line":22,"column":29},"end":{"line":22,"column":88}}]},"1":{"loc":{"start":{"line":23,"column":20},"end":{"line":23,"column":44}},"type":"binary-expr","locations":[{"start":{"line":23,"column":20},"end":{"line":23,"column":22}},{"start":{"line":23,"column":26},"end":{"line":23,"column":44}}]},"2":{"loc":{"start":{"line":79,"column":4},"end":{"line":81,"column":5}},"type":"if","locations":[{"start":{"line":79,"column":4},"end":{"line":81,"column":5}}]},"3":{"loc":{"start":{"line":85,"column":4},"end":{"line":91,"column":5}},"type":"if","locations":[{"start":{"line":85,"column":4},"end":{"line":91,"column":5}},{"start":{"line":87,"column":11},"end":{"line":91,"column":5}}]},"4":{"loc":{"start":{"line":87,"column":11},"end":{"line":91,"column":5}},"type":"if","locations":[{"start":{"line":87,"column":11},"end":{"line":91,"column":5}},{"start":{"line":89,"column":11},"end":{"line":91,"column":5}}]}},"s":{"0":1,"1":1,"2":1,"3":1,"4":1,"5":1,"6":1,"7":1,"8":1,"9":1,"10":1,"11":1,"12":0,"13":0,"14":1,"15":4,"16":4,"17":1,"18":1,"19":1,"20":1,"21":0,"22":1,"23":0,"24":0,"25":0,"26":1,"27":1,"28":1,"29":1,"30":1,"31":0,"32":1,"33":1,"34":0,"35":0,"36":0,"37":1,"38":1,"39":0,"40":0,"41":1},"f":{"0":1,"1":1,"2":4,"3":1,"4":0,"5":1},"b":{"0":[1,1],"1":[1,0],"2":[0],"3":[1,0],"4":[0,0]}}
}
