TN:
SF:routes/orders.ts
FN:8,(anonymous_0)
FN:16,(anonymous_1)
FN:37,(anonymous_2)
FN:49,(anonymous_3)
FN:60,(anonymous_4)
FN:70,(anonymous_5)
FNF:6
FNH:5
FNDA:1,(anonymous_0)
FNDA:1,(anonymous_1)
FNDA:4,(anonymous_2)
FNDA:1,(anonymous_3)
FNDA:0,(anonymous_4)
FNDA:1,(anonymous_5)
DA:1,1
DA:2,1
DA:4,1
DA:5,1
DA:8,1
DA:9,1
DA:12,1
DA:16,1
DA:17,1
DA:19,1
DA:20,1
DA:27,1
DA:29,0
DA:30,0
DA:37,1
DA:40,4
DA:45,4
DA:49,1
DA:50,1
DA:51,1
DA:53,1
DA:55,0
DA:60,1
DA:61,0
DA:63,0
DA:66,0
DA:70,1
DA:71,1
DA:73,1
DA:75,1
DA:79,1
DA:80,0
DA:85,1
DA:86,1
DA:87,0
DA:88,0
DA:90,0
DA:93,1
DA:98,1
DA:100,0
DA:101,0
DA:106,1
LF:42
LH:30
BRDA:22,0,0,1
BRDA:22,0,1,1
BRDA:23,1,0,1
BRDA:23,1,1,0
BRDA:79,2,0,0
BRDA:85,3,0,1
BRDA:85,3,1,0
BRDA:87,4,0,0
BRDA:87,4,1,0
BRF:9
BRH:4
end_of_record
